[2024-10-18T13:16:18.145+0000] {local_task_job_runner.py:123} INFO - ::group::Pre task execution logs
[2024-10-18T13:16:18.161+0000] {taskinstance.py:2612} INFO - Dependencies all met for dep_context=non-requeueable deps ti=<TaskInstance: pipeline_dag6.raw_to_structured manual__2024-10-18T13:16:17.201044+00:00 [queued]>
[2024-10-18T13:16:18.169+0000] {taskinstance.py:2612} INFO - Dependencies all met for dep_context=requeueable deps ti=<TaskInstance: pipeline_dag6.raw_to_structured manual__2024-10-18T13:16:17.201044+00:00 [queued]>
[2024-10-18T13:16:18.169+0000] {taskinstance.py:2865} INFO - Starting attempt 1 of 1
[2024-10-18T13:16:18.186+0000] {taskinstance.py:2888} INFO - Executing <Task(BashOperator): raw_to_structured> on 2024-10-18 13:16:17.201044+00:00
[2024-10-18T13:16:18.195+0000] {standard_task_runner.py:104} INFO - Running: ['***', 'tasks', 'run', 'pipeline_dag6', 'raw_to_structured', 'manual__2024-10-18T13:16:17.201044+00:00', '--job-id', '10', '--raw', '--subdir', 'DAGS_FOLDER/airline_data_pipeline_dag.py', '--cfg-path', '/tmp/tmp0vdtm7iw']
[2024-10-18T13:16:18.197+0000] {standard_task_runner.py:105} INFO - Job 10: Subtask raw_to_structured
[2024-10-18T13:16:18.197+0000] {logging_mixin.py:190} WARNING - /home/***/.local/lib/python3.12/site-packages/***/task/task_runner/standard_task_runner.py:70 DeprecationWarning: This process (pid=625) is multi-threaded, use of fork() may lead to deadlocks in the child.
[2024-10-18T13:16:18.198+0000] {standard_task_runner.py:72} INFO - Started process 626 to run task
[2024-10-18T13:16:18.242+0000] {task_command.py:467} INFO - Running <TaskInstance: pipeline_dag6.raw_to_structured manual__2024-10-18T13:16:17.201044+00:00 [running]> on host 7dab20dcc536
[2024-10-18T13:16:18.328+0000] {taskinstance.py:3131} INFO - Exporting env vars: AIRFLOW_CTX_DAG_OWNER='***' AIRFLOW_CTX_DAG_ID='pipeline_dag6' AIRFLOW_CTX_TASK_ID='raw_to_structured' AIRFLOW_CTX_EXECUTION_DATE='2024-10-18T13:16:17.201044+00:00' AIRFLOW_CTX_TRY_NUMBER='1' AIRFLOW_CTX_DAG_RUN_ID='manual__2024-10-18T13:16:17.201044+00:00'
[2024-10-18T13:16:18.329+0000] {taskinstance.py:731} INFO - ::endgroup::
[2024-10-18T13:16:18.342+0000] {subprocess.py:63} INFO - Tmp dir root location: /tmp
[2024-10-18T13:16:18.344+0000] {subprocess.py:75} INFO - Running command: ['/usr/bin/bash', '-c', 'echo Hello_world!!!!']
[2024-10-18T13:16:18.358+0000] {subprocess.py:86} INFO - Output:
[2024-10-18T13:16:18.359+0000] {subprocess.py:93} INFO - Hello_world!!!!
[2024-10-18T13:16:18.360+0000] {subprocess.py:97} INFO - Command exited with return code 0
[2024-10-18T13:16:18.386+0000] {taskinstance.py:340} INFO - ::group::Post task execution logs
[2024-10-18T13:16:18.387+0000] {taskinstance.py:352} INFO - Marking task as SUCCESS. dag_id=pipeline_dag6, task_id=raw_to_structured, run_id=manual__2024-10-18T13:16:17.201044+00:00, execution_date=20241018T131617, start_date=20241018T131618, end_date=20241018T131618
[2024-10-18T13:16:18.414+0000] {local_task_job_runner.py:266} INFO - Task exited with return code 0
[2024-10-18T13:16:18.432+0000] {taskinstance.py:3900} INFO - 1 downstream tasks scheduled from follow-on schedule check
[2024-10-18T13:16:18.435+0000] {local_task_job_runner.py:245} INFO - ::endgroup::
