[2024-10-17T17:28:35.335+0000] {manager.py:483} INFO - Processing files using up to 2 processes at a time 
[2024-10-17T17:28:35.336+0000] {manager.py:484} INFO - Process each file at most once every 30 seconds
[2024-10-17T17:28:35.336+0000] {manager.py:485} INFO - Checking for new files in /opt/airflow/dags every 300 seconds
[2024-10-17T17:28:35.338+0000] {manager.py:821} INFO - Searching for files in /opt/airflow/dags
[2024-10-17T17:28:35.343+0000] {manager.py:824} INFO - There are 0 files in /opt/airflow/dags
[2024-10-17T17:33:35.391+0000] {manager.py:821} INFO - Searching for files in /opt/airflow/dags
[2024-10-17T17:33:35.396+0000] {manager.py:824} INFO - There are 0 files in /opt/airflow/dags
[2024-10-17T17:38:35.413+0000] {manager.py:821} INFO - Searching for files in /opt/airflow/dags
[2024-10-17T17:38:35.417+0000] {manager.py:824} INFO - There are 0 files in /opt/airflow/dags
[2024-10-17T17:43:35.429+0000] {manager.py:821} INFO - Searching for files in /opt/airflow/dags
[2024-10-17T17:43:35.435+0000] {manager.py:824} INFO - There are 0 files in /opt/airflow/dags
[2024-10-17T17:48:35.499+0000] {manager.py:821} INFO - Searching for files in /opt/airflow/dags
[2024-10-17T17:48:35.503+0000] {manager.py:824} INFO - There are 0 files in /opt/airflow/dags
[2024-10-17T17:53:35.628+0000] {manager.py:821} INFO - Searching for files in /opt/airflow/dags
[2024-10-17T17:53:35.634+0000] {manager.py:824} INFO - There are 0 files in /opt/airflow/dags
[2024-10-17T17:58:35.712+0000] {manager.py:821} INFO - Searching for files in /opt/airflow/dags
[2024-10-17T17:58:35.719+0000] {manager.py:824} INFO - There are 0 files in /opt/airflow/dags
[2024-10-17T18:03:35.827+0000] {manager.py:821} INFO - Searching for files in /opt/airflow/dags
[2024-10-17T18:03:35.832+0000] {manager.py:824} INFO - There are 0 files in /opt/airflow/dags
[2024-10-17T18:08:35.919+0000] {manager.py:821} INFO - Searching for files in /opt/airflow/dags
[2024-10-17T18:08:35.925+0000] {manager.py:824} INFO - There are 0 files in /opt/airflow/dags
[2024-10-17T18:10:13.529+0000] {manager.py:465} INFO - Exiting gracefully upon receiving signal 15
